This is pdfTeX, Version 3.1415926-2.3-1.40.12 (MiKTeX 2.9 64-bit) (preloaded format=latex 2012.10.5)  5 OCT 2012 17:02
entering extended mode
**Report.tex

("D:\Daniel\Documents\Universitet\Artificial Intelligence\Ass1\ai-assignment-on
e\ ai-assignment-one --username zyc1006@gmail.com\Report\Report.tex"
LaTeX2e <2011/06/27>
Babel <v3.8m> and hyphenation patterns for english, afrikaans, ancientgreek, ar
abic, armenian, assamese, basque, bengali, bokmal, bulgarian, catalan, coptic, 
croatian, czech, danish, dutch, esperanto, estonian, farsi, finnish, french, ga
lician, german, german-x-2009-06-19, greek, gujarati, hindi, hungarian, iceland
ic, indonesian, interlingua, irish, italian, kannada, kurmanji, lao, latin, lat
vian, lithuanian, malayalam, marathi, mongolian, mongolianlmc, monogreek, ngerm
an, ngerman-x-2009-06-19, nynorsk, oriya, panjabi, pinyin, polish, portuguese, 
romanian, russian, sanskrit, serbian, slovak, slovenian, spanish, swedish, swis
sgerman, tamil, telugu, turkish, turkmen, ukenglish, ukrainian, uppersorbian, u
senglishmax, welsh, loaded.
("C:\Program Files\MiKTeX 2.9\tex\latex\base\article.cls"
Document Class: article 2007/10/19 v1.4h Standard LaTeX document class
("C:\Program Files\MiKTeX 2.9\tex\latex\base\size10.clo"
File: size10.clo 2007/10/19 v1.4h Standard LaTeX file (size option)
)
\c@part=\count79
\c@section=\count80
\c@subsection=\count81
\c@subsubsection=\count82
\c@paragraph=\count83
\c@subparagraph=\count84
\c@figure=\count85
\c@table=\count86
\abovecaptionskip=\skip41
\belowcaptionskip=\skip42
\bibindent=\dimen102
)
No file Report.aux.
LaTeX Font Info:    Checking defaults for OML/cmm/m/it on input line 2.
LaTeX Font Info:    ... okay on input line 2.
LaTeX Font Info:    Checking defaults for T1/cmr/m/n on input line 2.
LaTeX Font Info:    ... okay on input line 2.
LaTeX Font Info:    Checking defaults for OT1/cmr/m/n on input line 2.
LaTeX Font Info:    ... okay on input line 2.
LaTeX Font Info:    Checking defaults for OMS/cmsy/m/n on input line 2.
LaTeX Font Info:    ... okay on input line 2.
LaTeX Font Info:    Checking defaults for OMX/cmex/m/n on input line 2.
LaTeX Font Info:    ... okay on input line 2.
LaTeX Font Info:    Checking defaults for U/cmr/m/n on input line 2.
LaTeX Font Info:    ... okay on input line 2.
LaTeX Font Info:    External font `cmex10' loaded for size
(Font)              <12> on input line 18.
LaTeX Font Info:    External font `cmex10' loaded for size
(Font)              <8> on input line 18.
LaTeX Font Info:    External font `cmex10' loaded for size
(Font)              <6> on input line 18.

Underfull \hbox (badness 10000) in paragraph at lines 24--27

 []

[1

]
Underfull \hbox (badness 10000) in paragraph at lines 42--45

 []

[2] [3]
("D:\Daniel\Documents\Universitet\Artificial Intelligence\Ass1\ai-assignment-on
e\ ai-assignment-one --username zyc1006@gmail.com\Report\Report.aux") ) 
Here is how much of TeX's memory you used:
 227 strings out of 494046
 3016 string characters out of 3148407
 52890 words of memory out of 3000000
 3597 multiletter control sequences out of 15000+200000
 7449 words of font info for 27 fonts, out of 3000000 for 9000
 715 hyphenation exceptions out of 8191
 23i,6n,17p,444b,236s stack positions out of 5000i,500n,10000p,200000b,50000s

Output written on Report.dvi (3 pages, 7676 bytes).
